Warning[205] /home/frank/MPLABXProjects/keyboarddualdisplay.X/keyboardtodual.asm 8 : Found directive in column 1. (LIST)
Warning[205] /home/frank/MPLABXProjects/keyboarddualdisplay.X/keyboardtodual.asm 10 : Found directive in column 1. (__CONFIG)
Warning[207] /home/frank/MPLABXProjects/keyboarddualdisplay.X/keyboardtodual.asm 13 : Found label after column 1. (STATUS)
Warning[207] /home/frank/MPLABXProjects/keyboarddualdisplay.X/keyboardtodual.asm 14 : Found label after column 1. (PORTB)
Warning[207] /home/frank/MPLABXProjects/keyboarddualdisplay.X/keyboardtodual.asm 15 : Found label after column 1. (PORTC)
Warning[207] /home/frank/MPLABXProjects/keyboarddualdisplay.X/keyboardtodual.asm 16 : Found label after column 1. (PORTD)
Warning[207] /home/frank/MPLABXProjects/keyboarddualdisplay.X/keyboardtodual.asm 17 : Found label after column 1. (TRISB)
Warning[207] /home/frank/MPLABXProjects/keyboarddualdisplay.X/keyboardtodual.asm 18 : Found label after column 1. (TRISC)
Warning[207] /home/frank/MPLABXProjects/keyboarddualdisplay.X/keyboardtodual.asm 19 : Found label after column 1. (TRISD)
Warning[207] /home/frank/MPLABXProjects/keyboarddualdisplay.X/keyboardtodual.asm 21 : Found label after column 1. (temp)
Warning[207] /home/frank/MPLABXProjects/keyboarddualdisplay.X/keyboardtodual.asm 22 : Found label after column 1. (temp2)
Warning[207] /home/frank/MPLABXProjects/keyboarddualdisplay.X/keyboardtodual.asm 24 : Found label after column 1. (COUNT1)
Warning[207] /home/frank/MPLABXProjects/keyboarddualdisplay.X/keyboardtodual.asm 25 : Found label after column 1. (COUNT2)
Message[302] /home/frank/MPLABXProjects/keyboarddualdisplay.X/keyboardtodual.asm 33 : Register in operand not in bank 0.  Ensure that bank bits are correct.
Message[302] /home/frank/MPLABXProjects/keyboarddualdisplay.X/keyboardtodual.asm 36 : Register in operand not in bank 0.  Ensure that bank bits are correct.
Message[302] /home/frank/MPLABXProjects/keyboarddualdisplay.X/keyboardtodual.asm 39 : Register in operand not in bank 0.  Ensure that bank bits are correct.
Warning[203] /home/frank/MPLABXProjects/keyboarddualdisplay.X/keyboardtodual.asm 49 : Found opcode in column 1. (bsf)
Warning[203] /home/frank/MPLABXProjects/keyboarddualdisplay.X/keyboardtodual.asm 50 : Found opcode in column 1. (movlw)
Warning[203] /home/frank/MPLABXProjects/keyboarddualdisplay.X/keyboardtodual.asm 51 : Found opcode in column 1. (movwf)
Warning[203] /home/frank/MPLABXProjects/keyboarddualdisplay.X/keyboardtodual.asm 53 : Found opcode in column 1. (bsf)
Warning[203] /home/frank/MPLABXProjects/keyboarddualdisplay.X/keyboardtodual.asm 54 : Found opcode in column 1. (movlw)
Warning[203] /home/frank/MPLABXProjects/keyboarddualdisplay.X/keyboardtodual.asm 55 : Found opcode in column 1. (movwf)
Warning[203] /home/frank/MPLABXProjects/keyboarddualdisplay.X/keyboardtodual.asm 58 : Found opcode in column 1. (goto)
Warning[203] /home/frank/MPLABXProjects/keyboarddualdisplay.X/keyboardtodual.asm 148 : Found opcode in column 1. (call)
Warning[203] /home/frank/MPLABXProjects/keyboarddualdisplay.X/keyboardtodual.asm 149 : Found opcode in column 1. (movlw)
Warning[203] /home/frank/MPLABXProjects/keyboarddualdisplay.X/keyboardtodual.asm 150 : Found opcode in column 1. (movwf)
Warning[203] /home/frank/MPLABXProjects/keyboarddualdisplay.X/keyboardtodual.asm 151 : Found opcode in column 1. (return)
Warning[203] /home/frank/MPLABXProjects/keyboarddualdisplay.X/keyboardtodual.asm 154 : Found opcode in column 1. (call)
Warning[203] /home/frank/MPLABXProjects/keyboarddualdisplay.X/keyboardtodual.asm 155 : Found opcode in column 1. (movlw)
Warning[203] /home/frank/MPLABXProjects/keyboarddualdisplay.X/keyboardtodual.asm 156 : Found opcode in column 1. (movwf)
Warning[203] /home/frank/MPLABXProjects/keyboarddualdisplay.X/keyboardtodual.asm 157 : Found opcode in column 1. (return)
Warning[203] /home/frank/MPLABXProjects/keyboarddualdisplay.X/keyboardtodual.asm 160 : Found opcode in column 1. (call)
Warning[203] /home/frank/MPLABXProjects/keyboarddualdisplay.X/keyboardtodual.asm 161 : Found opcode in column 1. (movlw)
Warning[203] /home/frank/MPLABXProjects/keyboarddualdisplay.X/keyboardtodual.asm 162 : Found opcode in column 1. (movwf)
Warning[203] /home/frank/MPLABXProjects/keyboarddualdisplay.X/keyboardtodual.asm 163 : Found opcode in column 1. (return)
Warning[203] /home/frank/MPLABXProjects/keyboarddualdisplay.X/keyboardtodual.asm 166 : Found opcode in column 1. (call)
Warning[203] /home/frank/MPLABXProjects/keyboarddualdisplay.X/keyboardtodual.asm 167 : Found opcode in column 1. (movlw)
Warning[203] /home/frank/MPLABXProjects/keyboarddualdisplay.X/keyboardtodual.asm 168 : Found opcode in column 1. (movwf)
Warning[203] /home/frank/MPLABXProjects/keyboarddualdisplay.X/keyboardtodual.asm 169 : Found opcode in column 1. (return)
Warning[203] /home/frank/MPLABXProjects/keyboarddualdisplay.X/keyboardtodual.asm 172 : Found opcode in column 1. (call)
Warning[203] /home/frank/MPLABXProjects/keyboarddualdisplay.X/keyboardtodual.asm 173 : Found opcode in column 1. (movlw)
Warning[203] /home/frank/MPLABXProjects/keyboarddualdisplay.X/keyboardtodual.asm 174 : Found opcode in column 1. (movwf)
Warning[203] /home/frank/MPLABXProjects/keyboarddualdisplay.X/keyboardtodual.asm 175 : Found opcode in column 1. (return)
Warning[203] /home/frank/MPLABXProjects/keyboarddualdisplay.X/keyboardtodual.asm 178 : Found opcode in column 1. (call)
Warning[203] /home/frank/MPLABXProjects/keyboarddualdisplay.X/keyboardtodual.asm 179 : Found opcode in column 1. (movlw)
Warning[203] /home/frank/MPLABXProjects/keyboarddualdisplay.X/keyboardtodual.asm 180 : Found opcode in column 1. (movwf)
Warning[203] /home/frank/MPLABXProjects/keyboarddualdisplay.X/keyboardtodual.asm 181 : Found opcode in column 1. (return)
Warning[203] /home/frank/MPLABXProjects/keyboarddualdisplay.X/keyboardtodual.asm 184 : Found opcode in column 1. (call)
Warning[203] /home/frank/MPLABXProjects/keyboarddualdisplay.X/keyboardtodual.asm 185 : Found opcode in column 1. (movlw)
Warning[203] /home/frank/MPLABXProjects/keyboarddualdisplay.X/keyboardtodual.asm 186 : Found opcode in column 1. (movwf)
Warning[203] /home/frank/MPLABXProjects/keyboarddualdisplay.X/keyboardtodual.asm 187 : Found opcode in column 1. (return)
Warning[203] /home/frank/MPLABXProjects/keyboarddualdisplay.X/keyboardtodual.asm 190 : Found opcode in column 1. (call)
Warning[203] /home/frank/MPLABXProjects/keyboarddualdisplay.X/keyboardtodual.asm 191 : Found opcode in column 1. (movlw)
Warning[203] /home/frank/MPLABXProjects/keyboarddualdisplay.X/keyboardtodual.asm 192 : Found opcode in column 1. (movwf)
Warning[203] /home/frank/MPLABXProjects/keyboarddualdisplay.X/keyboardtodual.asm 193 : Found opcode in column 1. (return)
Warning[203] /home/frank/MPLABXProjects/keyboarddualdisplay.X/keyboardtodual.asm 196 : Found opcode in column 1. (call)
Warning[203] /home/frank/MPLABXProjects/keyboarddualdisplay.X/keyboardtodual.asm 197 : Found opcode in column 1. (movlw)
Warning[203] /home/frank/MPLABXProjects/keyboarddualdisplay.X/keyboardtodual.asm 198 : Found opcode in column 1. (movwf)
Warning[203] /home/frank/MPLABXProjects/keyboarddualdisplay.X/keyboardtodual.asm 199 : Found opcode in column 1. (return)
Warning[203] /home/frank/MPLABXProjects/keyboarddualdisplay.X/keyboardtodual.asm 202 : Found opcode in column 1. (call)
Warning[203] /home/frank/MPLABXProjects/keyboarddualdisplay.X/keyboardtodual.asm 203 : Found opcode in column 1. (movlw)
Warning[203] /home/frank/MPLABXProjects/keyboarddualdisplay.X/keyboardtodual.asm 204 : Found opcode in column 1. (movwf)
Warning[203] /home/frank/MPLABXProjects/keyboarddualdisplay.X/keyboardtodual.asm 205 : Found opcode in column 1. (return)
Warning[203] /home/frank/MPLABXProjects/keyboarddualdisplay.X/keyboardtodual.asm 208 : Found opcode in column 1. (movlw)
Warning[203] /home/frank/MPLABXProjects/keyboarddualdisplay.X/keyboardtodual.asm 209 : Found opcode in column 1. (movwf)
Warning[203] /home/frank/MPLABXProjects/keyboarddualdisplay.X/keyboardtodual.asm 210 : Found opcode in column 1. (return)
Warning[205] /home/frank/MPLABXProjects/keyboarddualdisplay.X/keyboardtodual.asm 212 : Found directive in column 1. (END)
