Warning[205] /home/frank/MPLABXProjects/keyboarddualdisplay.X/keyboardtodual.asm 8 : Found directive in column 1. (LIST)
Warning[205] /home/frank/MPLABXProjects/keyboarddualdisplay.X/keyboardtodual.asm 10 : Found directive in column 1. (__CONFIG)
Warning[207] /home/frank/MPLABXProjects/keyboarddualdisplay.X/keyboardtodual.asm 13 : Found label after column 1. (STATUS)
Warning[207] /home/frank/MPLABXProjects/keyboarddualdisplay.X/keyboardtodual.asm 14 : Found label after column 1. (PORTB)
Warning[207] /home/frank/MPLABXProjects/keyboarddualdisplay.X/keyboardtodual.asm 15 : Found label after column 1. (PORTC)
Warning[207] /home/frank/MPLABXProjects/keyboarddualdisplay.X/keyboardtodual.asm 16 : Found label after column 1. (PORTD)
Warning[207] /home/frank/MPLABXProjects/keyboarddualdisplay.X/keyboardtodual.asm 17 : Found label after column 1. (TRISB)
Warning[207] /home/frank/MPLABXProjects/keyboarddualdisplay.X/keyboardtodual.asm 18 : Found label after column 1. (TRISC)
Warning[207] /home/frank/MPLABXProjects/keyboarddualdisplay.X/keyboardtodual.asm 19 : Found label after column 1. (TRISD)
Warning[207] /home/frank/MPLABXProjects/keyboarddualdisplay.X/keyboardtodual.asm 21 : Found label after column 1. (temp)
Warning[207] /home/frank/MPLABXProjects/keyboarddualdisplay.X/keyboardtodual.asm 22 : Found label after column 1. (temp2)
Warning[207] /home/frank/MPLABXProjects/keyboarddualdisplay.X/keyboardtodual.asm 24 : Found label after column 1. (COUNT1)
Warning[207] /home/frank/MPLABXProjects/keyboarddualdisplay.X/keyboardtodual.asm 25 : Found label after column 1. (COUNT2)
Message[302] /home/frank/MPLABXProjects/keyboarddualdisplay.X/keyboardtodual.asm 34 : Register in operand not in bank 0.  Ensure that bank bits are correct.
Message[302] /home/frank/MPLABXProjects/keyboarddualdisplay.X/keyboardtodual.asm 37 : Register in operand not in bank 0.  Ensure that bank bits are correct.
Message[302] /home/frank/MPLABXProjects/keyboarddualdisplay.X/keyboardtodual.asm 40 : Register in operand not in bank 0.  Ensure that bank bits are correct.
Warning[203] /home/frank/MPLABXProjects/keyboarddualdisplay.X/keyboardtodual.asm 51 : Found opcode in column 1. (bsf)
Warning[203] /home/frank/MPLABXProjects/keyboarddualdisplay.X/keyboardtodual.asm 52 : Found opcode in column 1. (movlw)
Warning[203] /home/frank/MPLABXProjects/keyboarddualdisplay.X/keyboardtodual.asm 53 : Found opcode in column 1. (movwf)
Warning[203] /home/frank/MPLABXProjects/keyboarddualdisplay.X/keyboardtodual.asm 54 : Found opcode in column 1. (bcf)
Warning[203] /home/frank/MPLABXProjects/keyboarddualdisplay.X/keyboardtodual.asm 56 : Found opcode in column 1. (bsf)
Warning[203] /home/frank/MPLABXProjects/keyboarddualdisplay.X/keyboardtodual.asm 57 : Found opcode in column 1. (movlw)
Warning[203] /home/frank/MPLABXProjects/keyboarddualdisplay.X/keyboardtodual.asm 58 : Found opcode in column 1. (movwf)
Warning[203] /home/frank/MPLABXProjects/keyboarddualdisplay.X/keyboardtodual.asm 59 : Found opcode in column 1. (bcf)
Warning[203] /home/frank/MPLABXProjects/keyboarddualdisplay.X/keyboardtodual.asm 62 : Found opcode in column 1. (goto)
Warning[203] /home/frank/MPLABXProjects/keyboarddualdisplay.X/keyboardtodual.asm 152 : Found opcode in column 1. (call)
Warning[203] /home/frank/MPLABXProjects/keyboarddualdisplay.X/keyboardtodual.asm 153 : Found opcode in column 1. (movlw)
Warning[203] /home/frank/MPLABXProjects/keyboarddualdisplay.X/keyboardtodual.asm 154 : Found opcode in column 1. (movwf)
Warning[203] /home/frank/MPLABXProjects/keyboarddualdisplay.X/keyboardtodual.asm 155 : Found opcode in column 1. (return)
Warning[203] /home/frank/MPLABXProjects/keyboarddualdisplay.X/keyboardtodual.asm 158 : Found opcode in column 1. (call)
Warning[203] /home/frank/MPLABXProjects/keyboarddualdisplay.X/keyboardtodual.asm 159 : Found opcode in column 1. (movlw)
Warning[203] /home/frank/MPLABXProjects/keyboarddualdisplay.X/keyboardtodual.asm 160 : Found opcode in column 1. (movwf)
Warning[203] /home/frank/MPLABXProjects/keyboarddualdisplay.X/keyboardtodual.asm 161 : Found opcode in column 1. (return)
Warning[203] /home/frank/MPLABXProjects/keyboarddualdisplay.X/keyboardtodual.asm 164 : Found opcode in column 1. (call)
Warning[203] /home/frank/MPLABXProjects/keyboarddualdisplay.X/keyboardtodual.asm 165 : Found opcode in column 1. (movlw)
Warning[203] /home/frank/MPLABXProjects/keyboarddualdisplay.X/keyboardtodual.asm 166 : Found opcode in column 1. (movwf)
Warning[203] /home/frank/MPLABXProjects/keyboarddualdisplay.X/keyboardtodual.asm 167 : Found opcode in column 1. (return)
Warning[203] /home/frank/MPLABXProjects/keyboarddualdisplay.X/keyboardtodual.asm 170 : Found opcode in column 1. (call)
Warning[203] /home/frank/MPLABXProjects/keyboarddualdisplay.X/keyboardtodual.asm 171 : Found opcode in column 1. (movlw)
Warning[203] /home/frank/MPLABXProjects/keyboarddualdisplay.X/keyboardtodual.asm 172 : Found opcode in column 1. (movwf)
Warning[203] /home/frank/MPLABXProjects/keyboarddualdisplay.X/keyboardtodual.asm 173 : Found opcode in column 1. (return)
Warning[203] /home/frank/MPLABXProjects/keyboarddualdisplay.X/keyboardtodual.asm 176 : Found opcode in column 1. (call)
Warning[203] /home/frank/MPLABXProjects/keyboarddualdisplay.X/keyboardtodual.asm 177 : Found opcode in column 1. (movlw)
Warning[203] /home/frank/MPLABXProjects/keyboarddualdisplay.X/keyboardtodual.asm 178 : Found opcode in column 1. (movwf)
Warning[203] /home/frank/MPLABXProjects/keyboarddualdisplay.X/keyboardtodual.asm 179 : Found opcode in column 1. (return)
Warning[203] /home/frank/MPLABXProjects/keyboarddualdisplay.X/keyboardtodual.asm 182 : Found opcode in column 1. (call)
Warning[203] /home/frank/MPLABXProjects/keyboarddualdisplay.X/keyboardtodual.asm 183 : Found opcode in column 1. (movlw)
Warning[203] /home/frank/MPLABXProjects/keyboarddualdisplay.X/keyboardtodual.asm 184 : Found opcode in column 1. (movwf)
Warning[203] /home/frank/MPLABXProjects/keyboarddualdisplay.X/keyboardtodual.asm 185 : Found opcode in column 1. (return)
Warning[203] /home/frank/MPLABXProjects/keyboarddualdisplay.X/keyboardtodual.asm 188 : Found opcode in column 1. (call)
Warning[203] /home/frank/MPLABXProjects/keyboarddualdisplay.X/keyboardtodual.asm 189 : Found opcode in column 1. (movlw)
Warning[203] /home/frank/MPLABXProjects/keyboarddualdisplay.X/keyboardtodual.asm 190 : Found opcode in column 1. (movwf)
Warning[203] /home/frank/MPLABXProjects/keyboarddualdisplay.X/keyboardtodual.asm 191 : Found opcode in column 1. (return)
Warning[203] /home/frank/MPLABXProjects/keyboarddualdisplay.X/keyboardtodual.asm 194 : Found opcode in column 1. (call)
Warning[203] /home/frank/MPLABXProjects/keyboarddualdisplay.X/keyboardtodual.asm 195 : Found opcode in column 1. (movlw)
Warning[203] /home/frank/MPLABXProjects/keyboarddualdisplay.X/keyboardtodual.asm 196 : Found opcode in column 1. (movwf)
Warning[203] /home/frank/MPLABXProjects/keyboarddualdisplay.X/keyboardtodual.asm 197 : Found opcode in column 1. (return)
Warning[203] /home/frank/MPLABXProjects/keyboarddualdisplay.X/keyboardtodual.asm 200 : Found opcode in column 1. (call)
Warning[203] /home/frank/MPLABXProjects/keyboarddualdisplay.X/keyboardtodual.asm 201 : Found opcode in column 1. (movlw)
Warning[203] /home/frank/MPLABXProjects/keyboarddualdisplay.X/keyboardtodual.asm 202 : Found opcode in column 1. (movwf)
Warning[203] /home/frank/MPLABXProjects/keyboarddualdisplay.X/keyboardtodual.asm 203 : Found opcode in column 1. (return)
Warning[203] /home/frank/MPLABXProjects/keyboarddualdisplay.X/keyboardtodual.asm 206 : Found opcode in column 1. (call)
Warning[203] /home/frank/MPLABXProjects/keyboarddualdisplay.X/keyboardtodual.asm 207 : Found opcode in column 1. (movlw)
Warning[203] /home/frank/MPLABXProjects/keyboarddualdisplay.X/keyboardtodual.asm 208 : Found opcode in column 1. (movwf)
Warning[203] /home/frank/MPLABXProjects/keyboarddualdisplay.X/keyboardtodual.asm 209 : Found opcode in column 1. (return)
Warning[203] /home/frank/MPLABXProjects/keyboarddualdisplay.X/keyboardtodual.asm 212 : Found opcode in column 1. (movlw)
Warning[203] /home/frank/MPLABXProjects/keyboarddualdisplay.X/keyboardtodual.asm 213 : Found opcode in column 1. (movwf)
Warning[203] /home/frank/MPLABXProjects/keyboarddualdisplay.X/keyboardtodual.asm 214 : Found opcode in column 1. (return)
Warning[205] /home/frank/MPLABXProjects/keyboarddualdisplay.X/keyboardtodual.asm 216 : Found directive in column 1. (END)
