Warning[205] /home/frank/MPLABXProjects/flappybird.X/flappy.asm 7 : Found directive in column 1. (org)
Warning[205] /home/frank/MPLABXProjects/flappybird.X/flappy.asm 21 : Found directive in column 1. (banksel)
Warning[203] /home/frank/MPLABXProjects/flappybird.X/flappy.asm 22 : Found opcode in column 1. (movlw)
Warning[203] /home/frank/MPLABXProjects/flappybird.X/flappy.asm 23 : Found opcode in column 1. (movwf)
Message[302] /home/frank/MPLABXProjects/flappybird.X/flappy.asm 23 : Register in operand not in bank 0.  Ensure that bank bits are correct.
Warning[203] /home/frank/MPLABXProjects/flappybird.X/flappy.asm 24 : Found opcode in column 1. (movwf)
Message[302] /home/frank/MPLABXProjects/flappybird.X/flappy.asm 24 : Register in operand not in bank 0.  Ensure that bank bits are correct.
Warning[205] /home/frank/MPLABXProjects/flappybird.X/flappy.asm 25 : Found directive in column 1. (banksel)
Warning[203] /home/frank/MPLABXProjects/flappybird.X/flappy.asm 26 : Found opcode in column 1. (clrf)
Message[302] /home/frank/MPLABXProjects/flappybird.X/flappy.asm 26 : Register in operand not in bank 0.  Ensure that bank bits are correct.
Warning[203] /home/frank/MPLABXProjects/flappybird.X/flappy.asm 27 : Found opcode in column 1. (clrf)
Message[302] /home/frank/MPLABXProjects/flappybird.X/flappy.asm 27 : Register in operand not in bank 0.  Ensure that bank bits are correct.
Warning[205] /home/frank/MPLABXProjects/flappybird.X/flappy.asm 28 : Found directive in column 1. (banksel)
Warning[203] /home/frank/MPLABXProjects/flappybird.X/flappy.asm 29 : Found opcode in column 1. (clrf)
Warning[203] /home/frank/MPLABXProjects/flappybird.X/flappy.asm 30 : Found opcode in column 1. (clrf)
Warning[203] /home/frank/MPLABXProjects/flappybird.X/flappy.asm 32 : Found opcode in column 1. (movlw)
Warning[203] /home/frank/MPLABXProjects/flappybird.X/flappy.asm 33 : Found opcode in column 1. (movwf)
Warning[203] /home/frank/MPLABXProjects/flappybird.X/flappy.asm 35 : Found opcode in column 1. (movlw)
Warning[203] /home/frank/MPLABXProjects/flappybird.X/flappy.asm 36 : Found opcode in column 1. (movwf)
Warning[203] /home/frank/MPLABXProjects/flappybird.X/flappy.asm 38 : Found opcode in column 1. (goto)
Warning[205] /home/frank/MPLABXProjects/flappybird.X/flappy.asm 39 : Found directive in column 1. (org)
Warning[203] /home/frank/MPLABXProjects/flappybird.X/flappy.asm 41 : Found opcode in column 1. (bcf)
Warning[203] /home/frank/MPLABXProjects/flappybird.X/flappy.asm 77 : Found opcode in column 1. (rlf)
Warning[203] /home/frank/MPLABXProjects/flappybird.X/flappy.asm 78 : Found opcode in column 1. (rlf)
Warning[203] /home/frank/MPLABXProjects/flappybird.X/flappy.asm 79 : Found opcode in column 1. (call)
Warning[203] /home/frank/MPLABXProjects/flappybird.X/flappy.asm 80 : Found opcode in column 1. (return)
Warning[203] /home/frank/MPLABXProjects/flappybird.X/flappy.asm 83 : Found opcode in column 1. (movlw)
Warning[203] /home/frank/MPLABXProjects/flappybird.X/flappy.asm 84 : Found opcode in column 1. (movwf)
Warning[203] /home/frank/MPLABXProjects/flappybird.X/flappy.asm 85 : Found opcode in column 1. (movlw)
Warning[203] /home/frank/MPLABXProjects/flappybird.X/flappy.asm 86 : Found opcode in column 1. (movwf)
Warning[203] /home/frank/MPLABXProjects/flappybird.X/flappy.asm 87 : Found opcode in column 1. (btfsc)
Warning[203] /home/frank/MPLABXProjects/flappybird.X/flappy.asm 88 : Found opcode in column 1. (GOTO)
Warning[203] /home/frank/MPLABXProjects/flappybird.X/flappy.asm 89 : Found opcode in column 1. (call)
Warning[203] /home/frank/MPLABXProjects/flappybird.X/flappy.asm 90 : Found opcode in column 1. (call)
Warning[203] /home/frank/MPLABXProjects/flappybird.X/flappy.asm 91 : Found opcode in column 1. (rrf)
Warning[203] /home/frank/MPLABXProjects/flappybird.X/flappy.asm 92 : Found opcode in column 1. (GOTO)
Warning[203] /home/frank/MPLABXProjects/flappybird.X/flappy.asm 95 : Found opcode in column 1. (movlw)
Warning[203] /home/frank/MPLABXProjects/flappybird.X/flappy.asm 96 : Found opcode in column 1. (movwf)
Warning[203] /home/frank/MPLABXProjects/flappybird.X/flappy.asm 97 : Found opcode in column 1. (CLRF)
Warning[203] /home/frank/MPLABXProjects/flappybird.X/flappy.asm 98 : Found opcode in column 1. (bsf)
Warning[203] /home/frank/MPLABXProjects/flappybird.X/flappy.asm 99 : Found opcode in column 1. (bcf)
Warning[203] /home/frank/MPLABXProjects/flappybird.X/flappy.asm 100 : Found opcode in column 1. (goto)
Warning[203] /home/frank/MPLABXProjects/flappybird.X/flappy.asm 116 : Found opcode in column 1. (return)
Warning[207] /home/frank/MPLABXProjects/flappybird.X/flappy.asm 293 : Found label after column 1. (check1)
Warning[207] /home/frank/MPLABXProjects/flappybird.X/flappy.asm 300 : Found label after column 1. (check2)
Warning[207] /home/frank/MPLABXProjects/flappybird.X/flappy.asm 307 : Found label after column 1. (check3)
Warning[205] /home/frank/MPLABXProjects/flappybird.X/flappy.asm 313 : Found directive in column 1. (end)
